Arguments: 
  C:\Program Files\nodejs\node.exe C:\Users\alsakb1\AppData\Roaming\npm\node_modules\yarn\bin\yarn.js

PATH: 
  C:\Program Files\Eclipse Adoptium\jdk-11.0.17.8-hotspot\bin;C:\Users\alsakb1\AppData\Local\Programs\Python\Python310\Scripts\;C:\Users\alsakb1\AppData\Local\Programs\Python\Python310\;C:\Program Files\Common Files\Oracle\Java\javapath;C:\Program Files (x86)\Common Files\Oracle\Java\javapath;C:\Python39\Scripts\;C:\Python39\;C:\Windows\system32;C:\Windows;C:\Windows\System32\Wbem;C:\Windows\System32\WindowsPowerShell\v1.0\;C:\Windows\System32\OpenSSH\;C:\Program Files (x86)\Intel\Intel(R) Management Engine Components\DAL;C:\Program Files\Intel\Intel(R) Management Engine Components\DAL;C:\ProgramData\chocolatey\bin;C:\Program Files\Microsoft SQL Server\Client SDK\ODBC\170\Tools\Binn\;C:\Program Files (x86)\Microsoft SQL Server\150\Tools\Binn\;C:\Program Files\Microsoft SQL Server\150\Tools\Binn\;C:\Program Files\Microsoft SQL Server\150\DTS\Binn\;C:\Program Files (x86)\Microsoft SQL Server\150\DTS\Binn\;C:\Program Files\Azure Data Studio\bin;C:\OpenSSL\bin;C:\Program Files\Java\jdk-11.0.10\bin;C:\Program Files\Java\jdk1.8.0_301\bin;C:\Users\alsakb1\OneDrive\Bureau\apache-maven-3.8.5\bin;C:\Program Files\dotnet\;C:\xampp\php;C:\composer;C:\Program Files\MongoDB\Server\5.0\bin;C:\Program Files (x86)\dotnet\;C:\Program Files\Docker\Docker\resources\bin;C:\Users\alsakb1\AppData\Local\Android\Sdk\platform-tools;C:\Program Files\Git\cmd;C:\Program Files\nodejs\;C:\Users\alsakb1\AppData\Local\Microsoft\WindowsApps;C:\Users\alsakb1\Desktop\WebStorm 2021.2.1\bin;;C:\Users\alsakb1\Desktop\IntelliJ IDEA Community Edition 2021.2.1\bin;;C:\Program Files\JetBrains\IntelliJ IDEA 2021.2.3\bin;;C:\Program Files\Azure Data Studio\bin;C:\Users\alsakb1\AppData\Local\Programs\Microsoft VS Code\bin;C:\Users\alsakb1\AppData\Local\Programs\MiKTeX\miktex\bin\x64\;C:\Users\alsakb1\AppData\Local\Programs\Python\Python310;C:\Program Files\Java\jdk-17.0.2\bin;C:\Users\alsakb1\AppData\Local\Programs\flutter\bin;%ANDORID_HOME%\platform-tools;C:\Users\alsakb1\.dotnet\tools;C:\Users\alsakb1\AppData\Roaming\Composer\vendor\bin;C:\Users\alsakb1\AppData\Local\Android\Sdk\platform-tools;C:\Users\alsakb1\AppData\Roaming\npm

Yarn version: 
  1.22.18

Node version: 
  18.12.1

Platform: 
  win32 x64

Trace: 
  Error: EPERM: operation not permitted, unlink 'C:\Users\alsakb1\AppData\Local\Yarn\Cache\v6\npm-firebase-9.14.0-407de4855092e607d3ee1fb222294ab2b45c4798-integrity\node_modules\firebase\.yarn-tarball.tgz'

npm manifest: 
  {
    "name": "now-ui-react-native",
    "version": "1.5.0",
    "description": "Now UI React Native, based on Now UI Design System. Coded by Creative Tim",
    "main": "node_modules/expo/AppEntry.js",
    "scripts": {
      "start": "expo start",
      "android": "expo start --android",
      "ios": "expo start --ios",
      "eject": "expo eject",
      "lint": "eslint *.js **/*.js"
    },
    "repository": {
      "type": "git",
      "url": "git+https://github.com/creativetimofficial/now-ui-react-native.git"
    },
    "dependencies": {
      "@native-html/transient-render-engine": "^11.2.3",
      "@react-native-community/toolbar-android": "^0.2.1",
      "@react-native-masked-view/masked-view": "0.2.6",
      "@react-navigation/bottom-tabs": "6.3.1",
      "@react-navigation/compat": "5.1.25",
      "@react-navigation/drawer": "6.4.1",
      "@react-navigation/native": "6.0.10",
      "@react-navigation/stack": "6.2.1",
      "axios": "^1.1.3",
      "expo": "45.0.0",
      "expo-app-loading": "2.0.0",
      "expo-asset": "8.5.0",
      "expo-cli": "^6.0.8",
      "expo-constants": "~13.1.1",
      "expo-document-picker": "~10.2.1",
      "expo-font": "10.1.0",
      "expo-intent-launcher": "~10.2.0",
      "expo-modules-core": "0.9.2",
      "expo-print": "~11.2.0",
      "expo-sharing": "~10.2.0",
      "expo-splash-screen": "~0.15.1",
      "firebase": "^9.14.0",
      "galio-framework": "0.8.0",
      "prop-types": "15.7.2",
      "react": "17.0.2",
      "react-dom": "17.0.2",
      "react-native": "0.68.2",
      "react-native-blob-util": "^0.17.0",
      "react-native-canvas": "^0.1.38",
      "react-native-doc-viewer": "^2.7.8",
      "react-native-document-picker": "github:Elyx0/react-native-document-picker#v3",
      "react-native-element-dropdown": "^2.3.1",
      "react-native-encrypted-storage": "^4.0.3",
      "react-native-files-viewer": "^1.0.2",
      "react-native-gesture-handler": "2.2.1",
      "react-native-material-dropdown": "github:noway/react-native-material-dropdown",
      "react-native-modal-dropdown": "git+https://github.com/siemiatj/react-native-modal-dropdown.git",
      "react-native-pdf": "^6.6.2",
      "react-native-reanimated": "~2.8.0",
      "react-native-render-html": "^6.3.4",
      "react-native-safe-area-context": "4.2.4",
      "react-native-screens": "3.11.1",
      "react-native-svg": "12.3.0",
      "react-native-vector-icons": "^9.2.0",
      "react-native-webview": "^11.18.1",
      "rn-pdf-reader-js": "^4.1.1"
    },
    "devDependencies": {
      "babel-eslint": "10.0.3",
      "babel-preset-expo": "9.1.0"
    },
    "keywords": [
      "now react native",
      "now design system",
      "now app react native",
      "now iOS",
      "react native iOS",
      "creative tim",
      "now Android",
      "react native ui kit",
      "react native expo",
      "freebie",
      "react native now design",
      "react native galio",
      "galio now pro",
      "galio react native free app",
      "now expo react native",
      "react native ui template"
    ],
    "author": "Creative Tim <hello@creative-tim.com> (https://www.creative-tim.com/)",
    "bugs": {
      "url": "https://github.com/creativetimofficial/now-ui-react-native/issues"
    },
    "homepage": "https://demos.creative-tim.com/now-ui-react-native"
  }

yarn manifest: 
  No manifest

Lockfile: 
  No lockfile
